<?xml version="1.0" encoding="UTF-8"?>
<!-- Generated by org.testng.reporters.JUnitXMLReporter -->
<testsuite ignored="0" hostname="DESKTOP-7VFSN0H" failures="2" tests="3" name="Test" time="90.434" errors="0" timestamp="2024-12-21T08:31:07 IST">
  <testcase classname="testCases.TC001_RegistrationTest" name="test_AccountVerify" time="4.208"/>
  <testcase classname="testCases.TC002_LoginTest" name="verify_login" time="3.17">
    <failure type="java.lang.AssertionError" message="Login Pass  expected [true] but found [false]">
      <![CDATA[java.lang.AssertionError: Login Pass  expected [true] but found [false]
at testCases.TC002_LoginTest.verify_login(TC002_LoginTest.java:35)
at java.base/java.util.ArrayList.forEach(ArrayList.java:1511)
... Removed 37 stack frames]]>
    </failure>
  </testcase> <!-- verify_login -->
  <testcase classname="testCases.TC003_LoginDDT" name="verify_LoginDDT" time="2.311">
    <failure type="java.lang.AssertionError" message="null">
      <![CDATA[java.lang.AssertionError: null
at testCases.TC003_LoginDDT.verify_LoginDDT(TC003_LoginDDT.java:73)
at java.base/java.util.ArrayList.forEach(ArrayList.java:1511)
... Removed 33 stack frames]]>
    </failure>
  </testcase> <!-- verify_LoginDDT -->
</testsuite> <!-- Test -->
